\BOOKMARK [1][-]{section.1}{Introduction}{}% 1
\BOOKMARK [1][-]{section.2}{Related Work}{}% 2
\BOOKMARK [1][-]{section.3}{Project Scope}{}% 3
\BOOKMARK [2][-]{subsection.3.1}{Command Line Options}{section.3}% 4
\BOOKMARK [1][-]{section.4}{Codebase Overview}{}% 5
\BOOKMARK [1][-]{section.5}{Datatypes and Proofs}{}% 6
\BOOKMARK [2][-]{subsection.5.1}{File System}{section.5}% 7
\BOOKMARK [3][-]{subsubsection.5.1.1}{The File System Tree}{subsection.5.1}% 8
\BOOKMARK [3][-]{subsubsection.5.1.2}{File Metadata}{subsection.5.1}% 9
\BOOKMARK [2][-]{subsection.5.2}{Predicates}{section.5}% 10
\BOOKMARK [3][-]{subsubsection.5.2.1}{Propositions in a Dependently Typed Language}{subsection.5.2}% 11
\BOOKMARK [3][-]{subsubsection.5.2.2}{Embedding of Predicates}{subsection.5.2}% 12
\BOOKMARK [3][-]{subsubsection.5.2.3}{Provided Atomic Predicates}{subsection.5.2}% 13
\BOOKMARK [3][-]{subsubsection.5.2.4}{Constructing Atomic Proofs}{subsection.5.2}% 14
\BOOKMARK [1][-]{section.6}{Implementation}{}% 15
\BOOKMARK [2][-]{subsection.6.1}{Shallow Embedding Using Control.ST}{section.6}% 16
\BOOKMARK [2][-]{subsection.6.2}{The HoareState Monad}{section.6}% 17
\BOOKMARK [3][-]{subsubsection.6.2.1}{Definition of the HoareState Monad}{subsection.6.2}% 18
\BOOKMARK [3][-]{subsubsection.6.2.2}{The HoareState Monad in Idris}{subsection.6.2}% 19
\BOOKMARK [3][-]{subsubsection.6.2.3}{Precondition Strengthening and Postcondition Weakening}{subsection.6.2}% 20
\BOOKMARK [2][-]{subsection.6.3}{Free Monads}{section.6}% 21
\BOOKMARK [3][-]{subsubsection.6.3.1}{Syntactical Definition of the Scripting Language}{subsection.6.3}% 22
\BOOKMARK [3][-]{subsubsection.6.3.2}{Function Totality}{subsection.6.3}% 23
\BOOKMARK [3][-]{subsubsection.6.3.3}{Running Shell Scripts}{subsection.6.3}% 24
\BOOKMARK [2][-]{subsection.6.4}{Expressivity}{section.6}% 25
\BOOKMARK [1][-]{section.7}{Conclusion}{}% 26
\BOOKMARK [1][-]{section.8}{Future Work}{}% 27
\BOOKMARK [2][-]{subsection.8.1}{Syntax Extensions using Functor Coproducts}{section.8}% 28
\BOOKMARK [2][-]{subsection.8.2}{Shell Features}{section.8}% 29
\BOOKMARK [3][-]{subsubsection.8.2.1}{Control Flow}{subsection.8.2}% 30
\BOOKMARK [3][-]{subsubsection.8.2.2}{Command Line Options}{subsection.8.2}% 31
\BOOKMARK [3][-]{subsubsection.8.2.3}{File Contents}{subsection.8.2}% 32
